/home/gianna/repositories/master_thesis_sfs/venv/bin/python /home/gianna/repositories/master_thesis_sfs/exploration/simulate_gp.py
2023-05-23 19:24:43 INFO [__main__] simulate_gp.py:58:__init__(): Initialized GPSimulator with
 kernel_sim=1**2 * Matern(length_scale=3, nu=0.5) + 3.16**2 * ExpSineSquared(length_scale=3, periodicity=24) * 1**2 * RBF(length_scale=50)
 kernel_fit=1**2 * Matern(length_scale=3, nu=0.5) + 3.16**2 * ExpSineSquared(length_scale=3, periodicity=24) * 1**2 * RBF(length_scale=50)
/home/gianna/repositories/master_thesis_sfs/venv/lib/python3.10/site-packages/sklearn/gaussian_process/kernels.py:430: ConvergenceWarning: The optimal value found for dimension 0 of parameter k2__k2__k2__length_scale is close to the specified upper bound 100000.0. Increasing the bound and calling fit again may find a better value.
  warnings.warn(
/home/gianna/repositories/master_thesis_sfs/venv/lib/python3.10/site-packages/sklearn/gaussian_process/kernels.py:430: ConvergenceWarning: The optimal value found for dimension 0 of parameter k2__k2__k2__length_scale is close to the specified upper bound 100000.0. Increasing the bound and calling fit again may find a better value.
  warnings.warn(
/home/gianna/repositories/master_thesis_sfs/venv/lib/python3.10/site-packages/sklearn/gaussian_process/kernels.py:430: ConvergenceWarning: The optimal value found for dimension 0 of parameter k2__k2__k2__length_scale is close to the specified upper bound 100000.0. Increasing the bound and calling fit again may find a better value.
  warnings.warn(
/home/gianna/repositories/master_thesis_sfs/venv/lib/python3.10/site-packages/sklearn/gaussian_process/_gpr.py:629: ConvergenceWarning: lbfgs failed to converge (status=2):
ABNORMAL_TERMINATION_IN_LNSRCH.

Increase the number of iterations (max_iter) or scale the data as shown in:
    https://scikit-learn.org/stable/modules/preprocessing.html
  _check_optimize_result("lbfgs", opt_res)
/home/gianna/repositories/master_thesis_sfs/venv/lib/python3.10/site-packages/sklearn/gaussian_process/kernels.py:430: ConvergenceWarning: The optimal value found for dimension 0 of parameter k2__k2__k2__length_scale is close to the specified upper bound 100000.0. Increasing the bound and calling fit again may find a better value.
  warnings.warn(
/home/gianna/repositories/master_thesis_sfs/venv/lib/python3.10/site-packages/sklearn/gaussian_process/kernels.py:430: ConvergenceWarning: The optimal value found for dimension 0 of parameter k2__k2__k2__length_scale is close to the specified upper bound 100000.0. Increasing the bound and calling fit again may find a better value.
  warnings.warn(
2023-05-23 19:35:00 INFO [__main__] simulate_gp.py:154:test_ci(): ci_coverage=0.94 with data_fraction=0.3 and mean_ci_width=0.0741517209065114
2023-05-23 19:35:00 INFO [__main__] simulate_gp.py:58:__init__(): Initialized GPSimulator with
 kernel_sim=1**2 * Matern(length_scale=3, nu=0.5) + 1**2 * WhiteKernel(noise_level=1)
 kernel_fit=1**2 * Matern(length_scale=3, nu=0.5) + 1**2 * WhiteKernel(noise_level=1)
2023-05-23 19:38:05 INFO [__main__] simulate_gp.py:154:test_ci(): ci_coverage=0.98 with data_fraction=0.3 and mean_ci_width=0.30785203403478617
2023-05-23 19:38:05 INFO [__main__] simulate_gp.py:58:__init__(): Initialized GPSimulator with
 kernel_sim=1**2 * Matern(length_scale=3, nu=0.5) + 1**2 * Matern(length_scale=3, nu=0.5)
 kernel_fit=1**2 * Matern(length_scale=3, nu=0.5) + 1**2 * Matern(length_scale=3, nu=0.5)
/home/gianna/repositories/master_thesis_sfs/venv/lib/python3.10/site-packages/sklearn/gaussian_process/kernels.py:420: ConvergenceWarning: The optimal value found for dimension 0 of parameter k1__k2__length_scale is close to the specified lower bound 1e-05. Decreasing the bound and calling fit again may find a better value.
  warnings.warn(
/home/gianna/repositories/master_thesis_sfs/venv/lib/python3.10/site-packages/sklearn/gaussian_process/kernels.py:420: ConvergenceWarning: The optimal value found for dimension 0 of parameter k1__k2__length_scale is close to the specified lower bound 1e-05. Decreasing the bound and calling fit again may find a better value.
  warnings.warn(
/home/gianna/repositories/master_thesis_sfs/venv/lib/python3.10/site-packages/sklearn/gaussian_process/kernels.py:420: ConvergenceWarning: The optimal value found for dimension 0 of parameter k1__k2__length_scale is close to the specified lower bound 1e-05. Decreasing the bound and calling fit again may find a better value.
  warnings.warn(
/home/gianna/repositories/master_thesis_sfs/venv/lib/python3.10/site-packages/sklearn/gaussian_process/kernels.py:420: ConvergenceWarning: The optimal value found for dimension 0 of parameter k1__k2__length_scale is close to the specified lower bound 1e-05. Decreasing the bound and calling fit again may find a better value.
  warnings.warn(
/home/gianna/repositories/master_thesis_sfs/venv/lib/python3.10/site-packages/sklearn/gaussian_process/kernels.py:420: ConvergenceWarning: The optimal value found for dimension 0 of parameter k1__k2__length_scale is close to the specified lower bound 1e-05. Decreasing the bound and calling fit again may find a better value.
  warnings.warn(
/home/gianna/repositories/master_thesis_sfs/venv/lib/python3.10/site-packages/sklearn/gaussian_process/kernels.py:420: ConvergenceWarning: The optimal value found for dimension 0 of parameter k1__k2__length_scale is close to the specified lower bound 1e-05. Decreasing the bound and calling fit again may find a better value.
  warnings.warn(
2023-05-23 19:41:18 INFO [__main__] simulate_gp.py:154:test_ci(): ci_coverage=0.94 with data_fraction=0.3 and mean_ci_width=0.10261990149401783
2023-05-23 19:41:18 INFO [__main__] simulate_gp.py:58:__init__(): Initialized GPSimulator with
 kernel_sim=1**2 * Matern(length_scale=3, nu=0.5) + 1**2 * RBF(length_scale=50)
 kernel_fit=1**2 * Matern(length_scale=3, nu=0.5) + 1**2 * RBF(length_scale=50)
/home/gianna/repositories/master_thesis_sfs/venv/lib/python3.10/site-packages/sklearn/gaussian_process/kernels.py:420: ConvergenceWarning: The optimal value found for dimension 0 of parameter k1__k1__constant_value is close to the specified lower bound 1e-05. Decreasing the bound and calling fit again may find a better value.
  warnings.warn(
/home/gianna/repositories/master_thesis_sfs/venv/lib/python3.10/site-packages/sklearn/gaussian_process/kernels.py:420: ConvergenceWarning: The optimal value found for dimension 0 of parameter k2__k1__constant_value is close to the specified lower bound 1e-05. Decreasing the bound and calling fit again may find a better value.
  warnings.warn(
/home/gianna/repositories/master_thesis_sfs/venv/lib/python3.10/site-packages/sklearn/gaussian_process/kernels.py:420: ConvergenceWarning: The optimal value found for dimension 0 of parameter k2__k1__constant_value is close to the specified lower bound 1e-05. Decreasing the bound and calling fit again may find a better value.
  warnings.warn(
/home/gianna/repositories/master_thesis_sfs/venv/lib/python3.10/site-packages/sklearn/gaussian_process/kernels.py:420: ConvergenceWarning: The optimal value found for dimension 0 of parameter k2__k1__constant_value is close to the specified lower bound 1e-05. Decreasing the bound and calling fit again may find a better value.
  warnings.warn(
/home/gianna/repositories/master_thesis_sfs/venv/lib/python3.10/site-packages/sklearn/gaussian_process/kernels.py:420: ConvergenceWarning: The optimal value found for dimension 0 of parameter k2__k1__constant_value is close to the specified lower bound 1e-05. Decreasing the bound and calling fit again may find a better value.
  warnings.warn(
/home/gianna/repositories/master_thesis_sfs/venv/lib/python3.10/site-packages/sklearn/gaussian_process/kernels.py:420: ConvergenceWarning: The optimal value found for dimension 0 of parameter k2__k1__constant_value is close to the specified lower bound 1e-05. Decreasing the bound and calling fit again may find a better value.
  warnings.warn(
/home/gianna/repositories/master_thesis_sfs/venv/lib/python3.10/site-packages/sklearn/gaussian_process/kernels.py:420: ConvergenceWarning: The optimal value found for dimension 0 of parameter k2__k1__constant_value is close to the specified lower bound 1e-05. Decreasing the bound and calling fit again may find a better value.
  warnings.warn(
/home/gianna/repositories/master_thesis_sfs/venv/lib/python3.10/site-packages/sklearn/gaussian_process/kernels.py:420: ConvergenceWarning: The optimal value found for dimension 0 of parameter k2__k1__constant_value is close to the specified lower bound 1e-05. Decreasing the bound and calling fit again may find a better value.
  warnings.warn(
/home/gianna/repositories/master_thesis_sfs/venv/lib/python3.10/site-packages/sklearn/gaussian_process/kernels.py:420: ConvergenceWarning: The optimal value found for dimension 0 of parameter k2__k1__constant_value is close to the specified lower bound 1e-05. Decreasing the bound and calling fit again may find a better value.
  warnings.warn(
/home/gianna/repositories/master_thesis_sfs/venv/lib/python3.10/site-packages/sklearn/gaussian_process/kernels.py:420: ConvergenceWarning: The optimal value found for dimension 0 of parameter k2__k1__constant_value is close to the specified lower bound 1e-05. Decreasing the bound and calling fit again may find a better value.
  warnings.warn(
/home/gianna/repositories/master_thesis_sfs/venv/lib/python3.10/site-packages/sklearn/gaussian_process/kernels.py:430: ConvergenceWarning: The optimal value found for dimension 0 of parameter k2__k2__length_scale is close to the specified upper bound 100000.0. Increasing the bound and calling fit again may find a better value.
  warnings.warn(
/home/gianna/repositories/master_thesis_sfs/venv/lib/python3.10/site-packages/sklearn/gaussian_process/kernels.py:420: ConvergenceWarning: The optimal value found for dimension 0 of parameter k2__k1__constant_value is close to the specified lower bound 1e-05. Decreasing the bound and calling fit again may find a better value.
  warnings.warn(
/home/gianna/repositories/master_thesis_sfs/venv/lib/python3.10/site-packages/sklearn/gaussian_process/kernels.py:420: ConvergenceWarning: The optimal value found for dimension 0 of parameter k2__k1__constant_value is close to the specified lower bound 1e-05. Decreasing the bound and calling fit again may find a better value.
  warnings.warn(
/home/gianna/repositories/master_thesis_sfs/venv/lib/python3.10/site-packages/sklearn/gaussian_process/kernels.py:420: ConvergenceWarning: The optimal value found for dimension 0 of parameter k2__k1__constant_value is close to the specified lower bound 1e-05. Decreasing the bound and calling fit again may find a better value.
  warnings.warn(
/home/gianna/repositories/master_thesis_sfs/venv/lib/python3.10/site-packages/sklearn/gaussian_process/kernels.py:420: ConvergenceWarning: The optimal value found for dimension 0 of parameter k2__k1__constant_value is close to the specified lower bound 1e-05. Decreasing the bound and calling fit again may find a better value.
  warnings.warn(
/home/gianna/repositories/master_thesis_sfs/venv/lib/python3.10/site-packages/sklearn/gaussian_process/kernels.py:420: ConvergenceWarning: The optimal value found for dimension 0 of parameter k2__k1__constant_value is close to the specified lower bound 1e-05. Decreasing the bound and calling fit again may find a better value.
  warnings.warn(
/home/gianna/repositories/master_thesis_sfs/venv/lib/python3.10/site-packages/sklearn/gaussian_process/kernels.py:420: ConvergenceWarning: The optimal value found for dimension 0 of parameter k2__k1__constant_value is close to the specified lower bound 1e-05. Decreasing the bound and calling fit again may find a better value.
  warnings.warn(
/home/gianna/repositories/master_thesis_sfs/venv/lib/python3.10/site-packages/sklearn/gaussian_process/kernels.py:420: ConvergenceWarning: The optimal value found for dimension 0 of parameter k2__k1__constant_value is close to the specified lower bound 1e-05. Decreasing the bound and calling fit again may find a better value.
  warnings.warn(
/home/gianna/repositories/master_thesis_sfs/venv/lib/python3.10/site-packages/sklearn/gaussian_process/kernels.py:420: ConvergenceWarning: The optimal value found for dimension 0 of parameter k2__k1__constant_value is close to the specified lower bound 1e-05. Decreasing the bound and calling fit again may find a better value.
  warnings.warn(
/home/gianna/repositories/master_thesis_sfs/venv/lib/python3.10/site-packages/sklearn/gaussian_process/kernels.py:420: ConvergenceWarning: The optimal value found for dimension 0 of parameter k2__k1__constant_value is close to the specified lower bound 1e-05. Decreasing the bound and calling fit again may find a better value.
  warnings.warn(
/home/gianna/repositories/master_thesis_sfs/venv/lib/python3.10/site-packages/sklearn/gaussian_process/kernels.py:420: ConvergenceWarning: The optimal value found for dimension 0 of parameter k2__k1__constant_value is close to the specified lower bound 1e-05. Decreasing the bound and calling fit again may find a better value.
  warnings.warn(
/home/gianna/repositories/master_thesis_sfs/venv/lib/python3.10/site-packages/sklearn/gaussian_process/kernels.py:420: ConvergenceWarning: The optimal value found for dimension 0 of parameter k2__k1__constant_value is close to the specified lower bound 1e-05. Decreasing the bound and calling fit again may find a better value.
  warnings.warn(
/home/gianna/repositories/master_thesis_sfs/venv/lib/python3.10/site-packages/sklearn/gaussian_process/kernels.py:420: ConvergenceWarning: The optimal value found for dimension 0 of parameter k2__k1__constant_value is close to the specified lower bound 1e-05. Decreasing the bound and calling fit again may find a better value.
  warnings.warn(
/home/gianna/repositories/master_thesis_sfs/venv/lib/python3.10/site-packages/sklearn/gaussian_process/kernels.py:420: ConvergenceWarning: The optimal value found for dimension 0 of parameter k2__k1__constant_value is close to the specified lower bound 1e-05. Decreasing the bound and calling fit again may find a better value.
  warnings.warn(
/home/gianna/repositories/master_thesis_sfs/venv/lib/python3.10/site-packages/sklearn/gaussian_process/kernels.py:420: ConvergenceWarning: The optimal value found for dimension 0 of parameter k2__k1__constant_value is close to the specified lower bound 1e-05. Decreasing the bound and calling fit again may find a better value.
  warnings.warn(
/home/gianna/repositories/master_thesis_sfs/venv/lib/python3.10/site-packages/sklearn/gaussian_process/kernels.py:420: ConvergenceWarning: The optimal value found for dimension 0 of parameter k2__k1__constant_value is close to the specified lower bound 1e-05. Decreasing the bound and calling fit again may find a better value.
  warnings.warn(
/home/gianna/repositories/master_thesis_sfs/venv/lib/python3.10/site-packages/sklearn/gaussian_process/kernels.py:420: ConvergenceWarning: The optimal value found for dimension 0 of parameter k2__k1__constant_value is close to the specified lower bound 1e-05. Decreasing the bound and calling fit again may find a better value.
  warnings.warn(
/home/gianna/repositories/master_thesis_sfs/venv/lib/python3.10/site-packages/sklearn/gaussian_process/kernels.py:420: ConvergenceWarning: The optimal value found for dimension 0 of parameter k2__k1__constant_value is close to the specified lower bound 1e-05. Decreasing the bound and calling fit again may find a better value.
  warnings.warn(
2023-05-23 19:45:10 INFO [__main__] simulate_gp.py:154:test_ci(): ci_coverage=0.95 with data_fraction=0.3 and mean_ci_width=0.07318889563382043
2023-05-23 19:45:10 INFO [__main__] simulate_gp.py:58:__init__(): Initialized GPSimulator with
 kernel_sim=1**2 * Matern(length_scale=3, nu=0.5) + 1**2 * RBF(length_scale=3)
 kernel_fit=1**2 * Matern(length_scale=3, nu=0.5) + 1**2 * RBF(length_scale=3)
/home/gianna/repositories/master_thesis_sfs/exploration/simulate_gp.py:109: RuntimeWarning: More than 20 figures have been opened. Figures created through the pyplot interface (`matplotlib.pyplot.figure`) are retained until explicitly closed and may consume too much memory. (To control this warning, see the rcParam `figure.max_open_warning`). Consider using `matplotlib.pyplot.close()`.
  fig, ax = plt.subplots(nrows=2, ncols=2, figsize=(30, 15))
/home/gianna/repositories/master_thesis_sfs/venv/lib/python3.10/site-packages/sklearn/gaussian_process/kernels.py:420: ConvergenceWarning: The optimal value found for dimension 0 of parameter k1__k1__constant_value is close to the specified lower bound 1e-05. Decreasing the bound and calling fit again may find a better value.
  warnings.warn(
2023-05-23 19:48:59 INFO [__main__] simulate_gp.py:154:test_ci(): ci_coverage=0.96 with data_fraction=0.3 and mean_ci_width=0.07403420758334989
2023-05-23 19:48:59 INFO [__main__] simulate_gp.py:58:__init__(): Initialized GPSimulator with
 kernel_sim=1**2 * Matern(length_scale=3, nu=0.5) + 3.16**2 * ExpSineSquared(length_scale=3, periodicity=24)
 kernel_fit=1**2 * Matern(length_scale=3, nu=0.5) + 3.16**2 * ExpSineSquared(length_scale=3, periodicity=24)
/home/gianna/repositories/master_thesis_sfs/venv/lib/python3.10/site-packages/sklearn/gaussian_process/kernels.py:420: ConvergenceWarning: The optimal value found for dimension 0 of parameter k2__k1__constant_value is close to the specified lower bound 1e-05. Decreasing the bound and calling fit again may find a better value.
  warnings.warn(
/home/gianna/repositories/master_thesis_sfs/venv/lib/python3.10/site-packages/sklearn/gaussian_process/kernels.py:420: ConvergenceWarning: The optimal value found for dimension 0 of parameter k2__k1__constant_value is close to the specified lower bound 1e-05. Decreasing the bound and calling fit again may find a better value.
  warnings.warn(
/home/gianna/repositories/master_thesis_sfs/venv/lib/python3.10/site-packages/sklearn/gaussian_process/kernels.py:420: ConvergenceWarning: The optimal value found for dimension 0 of parameter k2__k1__constant_value is close to the specified lower bound 1e-05. Decreasing the bound and calling fit again may find a better value.
  warnings.warn(
/home/gianna/repositories/master_thesis_sfs/venv/lib/python3.10/site-packages/sklearn/gaussian_process/kernels.py:420: ConvergenceWarning: The optimal value found for dimension 0 of parameter k2__k1__constant_value is close to the specified lower bound 1e-05. Decreasing the bound and calling fit again may find a better value.
  warnings.warn(
/home/gianna/repositories/master_thesis_sfs/venv/lib/python3.10/site-packages/sklearn/gaussian_process/kernels.py:420: ConvergenceWarning: The optimal value found for dimension 0 of parameter k2__k1__constant_value is close to the specified lower bound 1e-05. Decreasing the bound and calling fit again may find a better value.
  warnings.warn(
/home/gianna/repositories/master_thesis_sfs/venv/lib/python3.10/site-packages/sklearn/gaussian_process/kernels.py:420: ConvergenceWarning: The optimal value found for dimension 0 of parameter k2__k2__length_scale is close to the specified lower bound 1e-05. Decreasing the bound and calling fit again may find a better value.
  warnings.warn(
/home/gianna/repositories/master_thesis_sfs/venv/lib/python3.10/site-packages/sklearn/gaussian_process/kernels.py:420: ConvergenceWarning: The optimal value found for dimension 0 of parameter k2__k1__constant_value is close to the specified lower bound 1e-05. Decreasing the bound and calling fit again may find a better value.
  warnings.warn(
/home/gianna/repositories/master_thesis_sfs/venv/lib/python3.10/site-packages/sklearn/gaussian_process/kernels.py:420: ConvergenceWarning: The optimal value found for dimension 0 of parameter k2__k1__constant_value is close to the specified lower bound 1e-05. Decreasing the bound and calling fit again may find a better value.
  warnings.warn(
/home/gianna/repositories/master_thesis_sfs/venv/lib/python3.10/site-packages/sklearn/gaussian_process/kernels.py:430: ConvergenceWarning: The optimal value found for dimension 0 of parameter k2__k2__length_scale is close to the specified upper bound 100000.0. Increasing the bound and calling fit again may find a better value.
  warnings.warn(
/home/gianna/repositories/master_thesis_sfs/venv/lib/python3.10/site-packages/sklearn/gaussian_process/kernels.py:420: ConvergenceWarning: The optimal value found for dimension 0 of parameter k2__k1__constant_value is close to the specified lower bound 1e-05. Decreasing the bound and calling fit again may find a better value.
  warnings.warn(
/home/gianna/repositories/master_thesis_sfs/venv/lib/python3.10/site-packages/sklearn/gaussian_process/kernels.py:420: ConvergenceWarning: The optimal value found for dimension 0 of parameter k2__k1__constant_value is close to the specified lower bound 1e-05. Decreasing the bound and calling fit again may find a better value.
  warnings.warn(
/home/gianna/repositories/master_thesis_sfs/venv/lib/python3.10/site-packages/sklearn/gaussian_process/kernels.py:420: ConvergenceWarning: The optimal value found for dimension 0 of parameter k2__k1__constant_value is close to the specified lower bound 1e-05. Decreasing the bound and calling fit again may find a better value.
  warnings.warn(
/home/gianna/repositories/master_thesis_sfs/venv/lib/python3.10/site-packages/sklearn/gaussian_process/kernels.py:420: ConvergenceWarning: The optimal value found for dimension 0 of parameter k2__k1__constant_value is close to the specified lower bound 1e-05. Decreasing the bound and calling fit again may find a better value.
  warnings.warn(
/home/gianna/repositories/master_thesis_sfs/venv/lib/python3.10/site-packages/sklearn/gaussian_process/kernels.py:420: ConvergenceWarning: The optimal value found for dimension 0 of parameter k2__k1__constant_value is close to the specified lower bound 1e-05. Decreasing the bound and calling fit again may find a better value.
  warnings.warn(
2023-05-23 19:54:11 INFO [__main__] simulate_gp.py:154:test_ci(): ci_coverage=0.96 with data_fraction=0.3 and mean_ci_width=0.07312956883533019
2023-05-23 19:54:11 INFO [__main__] simulate_gp.py:58:__init__(): Initialized GPSimulator with
 kernel_sim=1**2 * Matern(length_scale=3, nu=0.5) + 2.24**2 * ExpSineSquared(length_scale=3, periodicity=168)
 kernel_fit=1**2 * Matern(length_scale=3, nu=0.5) + 2.24**2 * ExpSineSquared(length_scale=3, periodicity=168)
/home/gianna/repositories/master_thesis_sfs/venv/lib/python3.10/site-packages/sklearn/gaussian_process/kernels.py:420: ConvergenceWarning: The optimal value found for dimension 0 of parameter k2__k1__constant_value is close to the specified lower bound 1e-05. Decreasing the bound and calling fit again may find a better value.
  warnings.warn(
/home/gianna/repositories/master_thesis_sfs/venv/lib/python3.10/site-packages/sklearn/gaussian_process/kernels.py:420: ConvergenceWarning: The optimal value found for dimension 0 of parameter k2__k1__constant_value is close to the specified lower bound 1e-05. Decreasing the bound and calling fit again may find a better value.
  warnings.warn(
/home/gianna/repositories/master_thesis_sfs/venv/lib/python3.10/site-packages/sklearn/gaussian_process/kernels.py:420: ConvergenceWarning: The optimal value found for dimension 0 of parameter k2__k1__constant_value is close to the specified lower bound 1e-05. Decreasing the bound and calling fit again may find a better value.
  warnings.warn(
/home/gianna/repositories/master_thesis_sfs/venv/lib/python3.10/site-packages/sklearn/gaussian_process/kernels.py:420: ConvergenceWarning: The optimal value found for dimension 0 of parameter k2__k1__constant_value is close to the specified lower bound 1e-05. Decreasing the bound and calling fit again may find a better value.
  warnings.warn(
/home/gianna/repositories/master_thesis_sfs/venv/lib/python3.10/site-packages/sklearn/gaussian_process/kernels.py:420: ConvergenceWarning: The optimal value found for dimension 0 of parameter k2__k1__constant_value is close to the specified lower bound 1e-05. Decreasing the bound and calling fit again may find a better value.
  warnings.warn(
/home/gianna/repositories/master_thesis_sfs/venv/lib/python3.10/site-packages/sklearn/gaussian_process/kernels.py:420: ConvergenceWarning: The optimal value found for dimension 0 of parameter k2__k1__constant_value is close to the specified lower bound 1e-05. Decreasing the bound and calling fit again may find a better value.
  warnings.warn(
/home/gianna/repositories/master_thesis_sfs/venv/lib/python3.10/site-packages/sklearn/gaussian_process/kernels.py:420: ConvergenceWarning: The optimal value found for dimension 0 of parameter k2__k1__constant_value is close to the specified lower bound 1e-05. Decreasing the bound and calling fit again may find a better value.
  warnings.warn(
/home/gianna/repositories/master_thesis_sfs/venv/lib/python3.10/site-packages/sklearn/gaussian_process/kernels.py:420: ConvergenceWarning: The optimal value found for dimension 0 of parameter k2__k1__constant_value is close to the specified lower bound 1e-05. Decreasing the bound and calling fit again may find a better value.
  warnings.warn(
/home/gianna/repositories/master_thesis_sfs/venv/lib/python3.10/site-packages/sklearn/gaussian_process/kernels.py:420: ConvergenceWarning: The optimal value found for dimension 0 of parameter k2__k1__constant_value is close to the specified lower bound 1e-05. Decreasing the bound and calling fit again may find a better value.
  warnings.warn(
/home/gianna/repositories/master_thesis_sfs/venv/lib/python3.10/site-packages/sklearn/gaussian_process/kernels.py:420: ConvergenceWarning: The optimal value found for dimension 0 of parameter k2__k1__constant_value is close to the specified lower bound 1e-05. Decreasing the bound and calling fit again may find a better value.
  warnings.warn(
/home/gianna/repositories/master_thesis_sfs/venv/lib/python3.10/site-packages/sklearn/gaussian_process/kernels.py:420: ConvergenceWarning: The optimal value found for dimension 0 of parameter k2__k1__constant_value is close to the specified lower bound 1e-05. Decreasing the bound and calling fit again may find a better value.
  warnings.warn(
/home/gianna/repositories/master_thesis_sfs/venv/lib/python3.10/site-packages/sklearn/gaussian_process/kernels.py:420: ConvergenceWarning: The optimal value found for dimension 0 of parameter k2__k1__constant_value is close to the specified lower bound 1e-05. Decreasing the bound and calling fit again may find a better value.
  warnings.warn(
/home/gianna/repositories/master_thesis_sfs/venv/lib/python3.10/site-packages/sklearn/gaussian_process/kernels.py:420: ConvergenceWarning: The optimal value found for dimension 0 of parameter k2__k1__constant_value is close to the specified lower bound 1e-05. Decreasing the bound and calling fit again may find a better value.
  warnings.warn(
/home/gianna/repositories/master_thesis_sfs/venv/lib/python3.10/site-packages/sklearn/gaussian_process/kernels.py:420: ConvergenceWarning: The optimal value found for dimension 0 of parameter k2__k1__constant_value is close to the specified lower bound 1e-05. Decreasing the bound and calling fit again may find a better value.
  warnings.warn(
/home/gianna/repositories/master_thesis_sfs/venv/lib/python3.10/site-packages/sklearn/gaussian_process/kernels.py:430: ConvergenceWarning: The optimal value found for dimension 0 of parameter k2__k2__length_scale is close to the specified upper bound 100000.0. Increasing the bound and calling fit again may find a better value.
  warnings.warn(
/home/gianna/repositories/master_thesis_sfs/venv/lib/python3.10/site-packages/sklearn/gaussian_process/kernels.py:420: ConvergenceWarning: The optimal value found for dimension 0 of parameter k2__k1__constant_value is close to the specified lower bound 1e-05. Decreasing the bound and calling fit again may find a better value.
  warnings.warn(
/home/gianna/repositories/master_thesis_sfs/venv/lib/python3.10/site-packages/sklearn/gaussian_process/kernels.py:420: ConvergenceWarning: The optimal value found for dimension 0 of parameter k2__k1__constant_value is close to the specified lower bound 1e-05. Decreasing the bound and calling fit again may find a better value.
  warnings.warn(
/home/gianna/repositories/master_thesis_sfs/venv/lib/python3.10/site-packages/sklearn/gaussian_process/kernels.py:420: ConvergenceWarning: The optimal value found for dimension 0 of parameter k2__k1__constant_value is close to the specified lower bound 1e-05. Decreasing the bound and calling fit again may find a better value.
  warnings.warn(
/home/gianna/repositories/master_thesis_sfs/venv/lib/python3.10/site-packages/sklearn/gaussian_process/kernels.py:420: ConvergenceWarning: The optimal value found for dimension 0 of parameter k2__k1__constant_value is close to the specified lower bound 1e-05. Decreasing the bound and calling fit again may find a better value.
  warnings.warn(
/home/gianna/repositories/master_thesis_sfs/venv/lib/python3.10/site-packages/sklearn/gaussian_process/kernels.py:430: ConvergenceWarning: The optimal value found for dimension 0 of parameter k2__k2__length_scale is close to the specified upper bound 100000.0. Increasing the bound and calling fit again may find a better value.
  warnings.warn(
/home/gianna/repositories/master_thesis_sfs/venv/lib/python3.10/site-packages/sklearn/gaussian_process/kernels.py:420: ConvergenceWarning: The optimal value found for dimension 0 of parameter k2__k1__constant_value is close to the specified lower bound 1e-05. Decreasing the bound and calling fit again may find a better value.
  warnings.warn(
/home/gianna/repositories/master_thesis_sfs/venv/lib/python3.10/site-packages/sklearn/gaussian_process/kernels.py:420: ConvergenceWarning: The optimal value found for dimension 0 of parameter k2__k1__constant_value is close to the specified lower bound 1e-05. Decreasing the bound and calling fit again may find a better value.
  warnings.warn(
/home/gianna/repositories/master_thesis_sfs/venv/lib/python3.10/site-packages/sklearn/gaussian_process/kernels.py:420: ConvergenceWarning: The optimal value found for dimension 0 of parameter k2__k1__constant_value is close to the specified lower bound 1e-05. Decreasing the bound and calling fit again may find a better value.
  warnings.warn(
/home/gianna/repositories/master_thesis_sfs/venv/lib/python3.10/site-packages/sklearn/gaussian_process/kernels.py:420: ConvergenceWarning: The optimal value found for dimension 0 of parameter k2__k1__constant_value is close to the specified lower bound 1e-05. Decreasing the bound and calling fit again may find a better value.
  warnings.warn(
/home/gianna/repositories/master_thesis_sfs/venv/lib/python3.10/site-packages/sklearn/gaussian_process/kernels.py:420: ConvergenceWarning: The optimal value found for dimension 0 of parameter k2__k1__constant_value is close to the specified lower bound 1e-05. Decreasing the bound and calling fit again may find a better value.
  warnings.warn(
/home/gianna/repositories/master_thesis_sfs/venv/lib/python3.10/site-packages/sklearn/gaussian_process/kernels.py:430: ConvergenceWarning: The optimal value found for dimension 0 of parameter k2__k2__length_scale is close to the specified upper bound 100000.0. Increasing the bound and calling fit again may find a better value.
  warnings.warn(
/home/gianna/repositories/master_thesis_sfs/venv/lib/python3.10/site-packages/sklearn/gaussian_process/kernels.py:420: ConvergenceWarning: The optimal value found for dimension 0 of parameter k2__k1__constant_value is close to the specified lower bound 1e-05. Decreasing the bound and calling fit again may find a better value.
  warnings.warn(
/home/gianna/repositories/master_thesis_sfs/venv/lib/python3.10/site-packages/sklearn/gaussian_process/kernels.py:420: ConvergenceWarning: The optimal value found for dimension 0 of parameter k2__k1__constant_value is close to the specified lower bound 1e-05. Decreasing the bound and calling fit again may find a better value.
  warnings.warn(
/home/gianna/repositories/master_thesis_sfs/venv/lib/python3.10/site-packages/sklearn/gaussian_process/kernels.py:420: ConvergenceWarning: The optimal value found for dimension 0 of parameter k2__k1__constant_value is close to the specified lower bound 1e-05. Decreasing the bound and calling fit again may find a better value.
  warnings.warn(
/home/gianna/repositories/master_thesis_sfs/venv/lib/python3.10/site-packages/sklearn/gaussian_process/kernels.py:420: ConvergenceWarning: The optimal value found for dimension 0 of parameter k2__k1__constant_value is close to the specified lower bound 1e-05. Decreasing the bound and calling fit again may find a better value.
  warnings.warn(
/home/gianna/repositories/master_thesis_sfs/venv/lib/python3.10/site-packages/sklearn/gaussian_process/kernels.py:420: ConvergenceWarning: The optimal value found for dimension 0 of parameter k2__k1__constant_value is close to the specified lower bound 1e-05. Decreasing the bound and calling fit again may find a better value.
  warnings.warn(
/home/gianna/repositories/master_thesis_sfs/venv/lib/python3.10/site-packages/sklearn/gaussian_process/kernels.py:420: ConvergenceWarning: The optimal value found for dimension 0 of parameter k2__k1__constant_value is close to the specified lower bound 1e-05. Decreasing the bound and calling fit again may find a better value.
  warnings.warn(
/home/gianna/repositories/master_thesis_sfs/venv/lib/python3.10/site-packages/sklearn/gaussian_process/kernels.py:430: ConvergenceWarning: The optimal value found for dimension 0 of parameter k2__k2__length_scale is close to the specified upper bound 100000.0. Increasing the bound and calling fit again may find a better value.
  warnings.warn(
/home/gianna/repositories/master_thesis_sfs/venv/lib/python3.10/site-packages/sklearn/gaussian_process/kernels.py:420: ConvergenceWarning: The optimal value found for dimension 0 of parameter k2__k1__constant_value is close to the specified lower bound 1e-05. Decreasing the bound and calling fit again may find a better value.
  warnings.warn(
/home/gianna/repositories/master_thesis_sfs/venv/lib/python3.10/site-packages/sklearn/gaussian_process/kernels.py:420: ConvergenceWarning: The optimal value found for dimension 0 of parameter k2__k1__constant_value is close to the specified lower bound 1e-05. Decreasing the bound and calling fit again may find a better value.
  warnings.warn(
/home/gianna/repositories/master_thesis_sfs/venv/lib/python3.10/site-packages/sklearn/gaussian_process/kernels.py:420: ConvergenceWarning: The optimal value found for dimension 0 of parameter k1__k2__length_scale is close to the specified lower bound 1e-05. Decreasing the bound and calling fit again may find a better value.
  warnings.warn(
/home/gianna/repositories/master_thesis_sfs/venv/lib/python3.10/site-packages/sklearn/gaussian_process/kernels.py:420: ConvergenceWarning: The optimal value found for dimension 0 of parameter k2__k1__constant_value is close to the specified lower bound 1e-05. Decreasing the bound and calling fit again may find a better value.
  warnings.warn(
/home/gianna/repositories/master_thesis_sfs/venv/lib/python3.10/site-packages/sklearn/gaussian_process/kernels.py:420: ConvergenceWarning: The optimal value found for dimension 0 of parameter k2__k1__constant_value is close to the specified lower bound 1e-05. Decreasing the bound and calling fit again may find a better value.
  warnings.warn(
/home/gianna/repositories/master_thesis_sfs/venv/lib/python3.10/site-packages/sklearn/gaussian_process/kernels.py:420: ConvergenceWarning: The optimal value found for dimension 0 of parameter k2__k1__constant_value is close to the specified lower bound 1e-05. Decreasing the bound and calling fit again may find a better value.
  warnings.warn(
/home/gianna/repositories/master_thesis_sfs/venv/lib/python3.10/site-packages/sklearn/gaussian_process/kernels.py:420: ConvergenceWarning: The optimal value found for dimension 0 of parameter k2__k1__constant_value is close to the specified lower bound 1e-05. Decreasing the bound and calling fit again may find a better value.
  warnings.warn(
/home/gianna/repositories/master_thesis_sfs/venv/lib/python3.10/site-packages/sklearn/gaussian_process/kernels.py:420: ConvergenceWarning: The optimal value found for dimension 0 of parameter k2__k1__constant_value is close to the specified lower bound 1e-05. Decreasing the bound and calling fit again may find a better value.
  warnings.warn(
/home/gianna/repositories/master_thesis_sfs/venv/lib/python3.10/site-packages/sklearn/gaussian_process/kernels.py:420: ConvergenceWarning: The optimal value found for dimension 0 of parameter k2__k1__constant_value is close to the specified lower bound 1e-05. Decreasing the bound and calling fit again may find a better value.
  warnings.warn(
/home/gianna/repositories/master_thesis_sfs/venv/lib/python3.10/site-packages/sklearn/gaussian_process/kernels.py:420: ConvergenceWarning: The optimal value found for dimension 0 of parameter k2__k1__constant_value is close to the specified lower bound 1e-05. Decreasing the bound and calling fit again may find a better value.
  warnings.warn(
/home/gianna/repositories/master_thesis_sfs/venv/lib/python3.10/site-packages/sklearn/gaussian_process/kernels.py:420: ConvergenceWarning: The optimal value found for dimension 0 of parameter k2__k1__constant_value is close to the specified lower bound 1e-05. Decreasing the bound and calling fit again may find a better value.
  warnings.warn(
/home/gianna/repositories/master_thesis_sfs/venv/lib/python3.10/site-packages/sklearn/gaussian_process/kernels.py:420: ConvergenceWarning: The optimal value found for dimension 0 of parameter k2__k1__constant_value is close to the specified lower bound 1e-05. Decreasing the bound and calling fit again may find a better value.
  warnings.warn(
/home/gianna/repositories/master_thesis_sfs/venv/lib/python3.10/site-packages/sklearn/gaussian_process/kernels.py:420: ConvergenceWarning: The optimal value found for dimension 0 of parameter k2__k2__length_scale is close to the specified lower bound 1e-05. Decreasing the bound and calling fit again may find a better value.
  warnings.warn(
/home/gianna/repositories/master_thesis_sfs/venv/lib/python3.10/site-packages/sklearn/gaussian_process/kernels.py:420: ConvergenceWarning: The optimal value found for dimension 0 of parameter k2__k1__constant_value is close to the specified lower bound 1e-05. Decreasing the bound and calling fit again may find a better value.
  warnings.warn(
/home/gianna/repositories/master_thesis_sfs/venv/lib/python3.10/site-packages/sklearn/gaussian_process/kernels.py:420: ConvergenceWarning: The optimal value found for dimension 0 of parameter k2__k1__constant_value is close to the specified lower bound 1e-05. Decreasing the bound and calling fit again may find a better value.
  warnings.warn(
/home/gianna/repositories/master_thesis_sfs/venv/lib/python3.10/site-packages/sklearn/gaussian_process/kernels.py:420: ConvergenceWarning: The optimal value found for dimension 0 of parameter k2__k1__constant_value is close to the specified lower bound 1e-05. Decreasing the bound and calling fit again may find a better value.
  warnings.warn(
/home/gianna/repositories/master_thesis_sfs/venv/lib/python3.10/site-packages/sklearn/gaussian_process/kernels.py:420: ConvergenceWarning: The optimal value found for dimension 0 of parameter k2__k1__constant_value is close to the specified lower bound 1e-05. Decreasing the bound and calling fit again may find a better value.
  warnings.warn(
/home/gianna/repositories/master_thesis_sfs/venv/lib/python3.10/site-packages/sklearn/gaussian_process/kernels.py:420: ConvergenceWarning: The optimal value found for dimension 0 of parameter k2__k2__length_scale is close to the specified lower bound 1e-05. Decreasing the bound and calling fit again may find a better value.
  warnings.warn(
/home/gianna/repositories/master_thesis_sfs/venv/lib/python3.10/site-packages/sklearn/gaussian_process/kernels.py:420: ConvergenceWarning: The optimal value found for dimension 0 of parameter k2__k1__constant_value is close to the specified lower bound 1e-05. Decreasing the bound and calling fit again may find a better value.
  warnings.warn(
/home/gianna/repositories/master_thesis_sfs/venv/lib/python3.10/site-packages/sklearn/gaussian_process/kernels.py:430: ConvergenceWarning: The optimal value found for dimension 0 of parameter k2__k2__length_scale is close to the specified upper bound 100000.0. Increasing the bound and calling fit again may find a better value.
  warnings.warn(
/home/gianna/repositories/master_thesis_sfs/venv/lib/python3.10/site-packages/sklearn/gaussian_process/kernels.py:420: ConvergenceWarning: The optimal value found for dimension 0 of parameter k2__k1__constant_value is close to the specified lower bound 1e-05. Decreasing the bound and calling fit again may find a better value.
  warnings.warn(
/home/gianna/repositories/master_thesis_sfs/venv/lib/python3.10/site-packages/sklearn/gaussian_process/kernels.py:430: ConvergenceWarning: The optimal value found for dimension 0 of parameter k2__k2__length_scale is close to the specified upper bound 100000.0. Increasing the bound and calling fit again may find a better value.
  warnings.warn(
/home/gianna/repositories/master_thesis_sfs/venv/lib/python3.10/site-packages/sklearn/gaussian_process/kernels.py:420: ConvergenceWarning: The optimal value found for dimension 0 of parameter k2__k1__constant_value is close to the specified lower bound 1e-05. Decreasing the bound and calling fit again may find a better value.
  warnings.warn(
/home/gianna/repositories/master_thesis_sfs/venv/lib/python3.10/site-packages/sklearn/gaussian_process/kernels.py:420: ConvergenceWarning: The optimal value found for dimension 0 of parameter k2__k1__constant_value is close to the specified lower bound 1e-05. Decreasing the bound and calling fit again may find a better value.
  warnings.warn(
/home/gianna/repositories/master_thesis_sfs/venv/lib/python3.10/site-packages/sklearn/gaussian_process/kernels.py:420: ConvergenceWarning: The optimal value found for dimension 0 of parameter k2__k1__constant_value is close to the specified lower bound 1e-05. Decreasing the bound and calling fit again may find a better value.
  warnings.warn(
/home/gianna/repositories/master_thesis_sfs/venv/lib/python3.10/site-packages/sklearn/gaussian_process/kernels.py:420: ConvergenceWarning: The optimal value found for dimension 0 of parameter k2__k1__constant_value is close to the specified lower bound 1e-05. Decreasing the bound and calling fit again may find a better value.
  warnings.warn(
/home/gianna/repositories/master_thesis_sfs/venv/lib/python3.10/site-packages/sklearn/gaussian_process/kernels.py:420: ConvergenceWarning: The optimal value found for dimension 0 of parameter k2__k1__constant_value is close to the specified lower bound 1e-05. Decreasing the bound and calling fit again may find a better value.
  warnings.warn(
/home/gianna/repositories/master_thesis_sfs/venv/lib/python3.10/site-packages/sklearn/gaussian_process/kernels.py:430: ConvergenceWarning: The optimal value found for dimension 0 of parameter k2__k2__length_scale is close to the specified upper bound 100000.0. Increasing the bound and calling fit again may find a better value.
  warnings.warn(
/home/gianna/repositories/master_thesis_sfs/venv/lib/python3.10/site-packages/sklearn/gaussian_process/kernels.py:420: ConvergenceWarning: The optimal value found for dimension 0 of parameter k2__k1__constant_value is close to the specified lower bound 1e-05. Decreasing the bound and calling fit again may find a better value.
  warnings.warn(
/home/gianna/repositories/master_thesis_sfs/venv/lib/python3.10/site-packages/sklearn/gaussian_process/kernels.py:420: ConvergenceWarning: The optimal value found for dimension 0 of parameter k2__k1__constant_value is close to the specified lower bound 1e-05. Decreasing the bound and calling fit again may find a better value.
  warnings.warn(
/home/gianna/repositories/master_thesis_sfs/venv/lib/python3.10/site-packages/sklearn/gaussian_process/kernels.py:420: ConvergenceWarning: The optimal value found for dimension 0 of parameter k2__k1__constant_value is close to the specified lower bound 1e-05. Decreasing the bound and calling fit again may find a better value.
  warnings.warn(
2023-05-23 19:59:03 INFO [__main__] simulate_gp.py:154:test_ci(): ci_coverage=0.96 with data_fraction=0.3 and mean_ci_width=0.0733665928412978
2023-05-23 19:59:03 INFO [__main__] simulate_gp.py:58:__init__(): Initialized GPSimulator with
 kernel_sim=1**2 * Matern(length_scale=3, nu=0.5) + 0.1**2 * DotProduct(sigma_0=0)
 kernel_fit=1**2 * Matern(length_scale=3, nu=0.5) + 0.1**2 * DotProduct(sigma_0=0)
/home/gianna/repositories/master_thesis_sfs/venv/lib/python3.10/site-packages/sklearn/gaussian_process/kernels.py:285: RuntimeWarning: divide by zero encountered in log
  return np.log(np.hstack(theta))
/home/gianna/repositories/master_thesis_sfs/venv/lib/python3.10/site-packages/sklearn/gaussian_process/kernels.py:285: RuntimeWarning: divide by zero encountered in log
  return np.log(np.hstack(theta))
/home/gianna/repositories/master_thesis_sfs/venv/lib/python3.10/site-packages/sklearn/gaussian_process/kernels.py:285: RuntimeWarning: divide by zero encountered in log
  return np.log(np.hstack(theta))
/home/gianna/repositories/master_thesis_sfs/venv/lib/python3.10/site-packages/sklearn/gaussian_process/kernels.py:285: RuntimeWarning: divide by zero encountered in log
  return np.log(np.hstack(theta))
/home/gianna/repositories/master_thesis_sfs/venv/lib/python3.10/site-packages/sklearn/gaussian_process/kernels.py:285: RuntimeWarning: divide by zero encountered in log
  return np.log(np.hstack(theta))
/home/gianna/repositories/master_thesis_sfs/venv/lib/python3.10/site-packages/sklearn/gaussian_process/kernels.py:285: RuntimeWarning: divide by zero encountered in log
  return np.log(np.hstack(theta))
/home/gianna/repositories/master_thesis_sfs/venv/lib/python3.10/site-packages/sklearn/gaussian_process/kernels.py:420: ConvergenceWarning: The optimal value found for dimension 0 of parameter k2__k2__sigma_0 is close to the specified lower bound 1e-05. Decreasing the bound and calling fit again may find a better value.
  warnings.warn(
/home/gianna/repositories/master_thesis_sfs/venv/lib/python3.10/site-packages/sklearn/gaussian_process/kernels.py:285: RuntimeWarning: divide by zero encountered in log
  return np.log(np.hstack(theta))
/home/gianna/repositories/master_thesis_sfs/venv/lib/python3.10/site-packages/sklearn/gaussian_process/kernels.py:285: RuntimeWarning: divide by zero encountered in log
  return np.log(np.hstack(theta))
/home/gianna/repositories/master_thesis_sfs/venv/lib/python3.10/site-packages/sklearn/gaussian_process/kernels.py:285: RuntimeWarning: divide by zero encountered in log
  return np.log(np.hstack(theta))
/home/gianna/repositories/master_thesis_sfs/venv/lib/python3.10/site-packages/sklearn/gaussian_process/kernels.py:420: ConvergenceWarning: The optimal value found for dimension 0 of parameter k2__k1__constant_value is close to the specified lower bound 1e-05. Decreasing the bound and calling fit again may find a better value.
  warnings.warn(
/home/gianna/repositories/master_thesis_sfs/venv/lib/python3.10/site-packages/sklearn/gaussian_process/kernels.py:420: ConvergenceWarning: The optimal value found for dimension 0 of parameter k2__k2__sigma_0 is close to the specified lower bound 1e-05. Decreasing the bound and calling fit again may find a better value.
  warnings.warn(
/home/gianna/repositories/master_thesis_sfs/venv/lib/python3.10/site-packages/sklearn/gaussian_process/kernels.py:285: RuntimeWarning: divide by zero encountered in log
  return np.log(np.hstack(theta))
/home/gianna/repositories/master_thesis_sfs/venv/lib/python3.10/site-packages/sklearn/gaussian_process/kernels.py:285: RuntimeWarning: divide by zero encountered in log
  return np.log(np.hstack(theta))
/home/gianna/repositories/master_thesis_sfs/venv/lib/python3.10/site-packages/sklearn/gaussian_process/_gpr.py:629: ConvergenceWarning: lbfgs failed to converge (status=2):
ABNORMAL_TERMINATION_IN_LNSRCH.

Increase the number of iterations (max_iter) or scale the data as shown in:
    https://scikit-learn.org/stable/modules/preprocessing.html
  _check_optimize_result("lbfgs", opt_res)
/home/gianna/repositories/master_thesis_sfs/venv/lib/python3.10/site-packages/sklearn/gaussian_process/kernels.py:285: RuntimeWarning: divide by zero encountered in log
  return np.log(np.hstack(theta))
/home/gianna/repositories/master_thesis_sfs/venv/lib/python3.10/site-packages/sklearn/gaussian_process/kernels.py:420: ConvergenceWarning: The optimal value found for dimension 0 of parameter k2__k2__sigma_0 is close to the specified lower bound 1e-05. Decreasing the bound and calling fit again may find a better value.
  warnings.warn(
/home/gianna/repositories/master_thesis_sfs/venv/lib/python3.10/site-packages/sklearn/gaussian_process/kernels.py:285: RuntimeWarning: divide by zero encountered in log
  return np.log(np.hstack(theta))
/home/gianna/repositories/master_thesis_sfs/venv/lib/python3.10/site-packages/sklearn/gaussian_process/kernels.py:285: RuntimeWarning: divide by zero encountered in log
  return np.log(np.hstack(theta))
/home/gianna/repositories/master_thesis_sfs/venv/lib/python3.10/site-packages/sklearn/gaussian_process/kernels.py:420: ConvergenceWarning: The optimal value found for dimension 0 of parameter k2__k2__sigma_0 is close to the specified lower bound 1e-05. Decreasing the bound and calling fit again may find a better value.
  warnings.warn(
/home/gianna/repositories/master_thesis_sfs/venv/lib/python3.10/site-packages/sklearn/gaussian_process/kernels.py:285: RuntimeWarning: divide by zero encountered in log
  return np.log(np.hstack(theta))
/home/gianna/repositories/master_thesis_sfs/venv/lib/python3.10/site-packages/sklearn/gaussian_process/kernels.py:285: RuntimeWarning: divide by zero encountered in log
  return np.log(np.hstack(theta))
/home/gianna/repositories/master_thesis_sfs/venv/lib/python3.10/site-packages/sklearn/gaussian_process/kernels.py:420: ConvergenceWarning: The optimal value found for dimension 0 of parameter k2__k2__sigma_0 is close to the specified lower bound 1e-05. Decreasing the bound and calling fit again may find a better value.
  warnings.warn(
/home/gianna/repositories/master_thesis_sfs/venv/lib/python3.10/site-packages/sklearn/gaussian_process/kernels.py:285: RuntimeWarning: divide by zero encountered in log
  return np.log(np.hstack(theta))
/home/gianna/repositories/master_thesis_sfs/venv/lib/python3.10/site-packages/sklearn/gaussian_process/kernels.py:420: ConvergenceWarning: The optimal value found for dimension 0 of parameter k2__k2__sigma_0 is close to the specified lower bound 1e-05. Decreasing the bound and calling fit again may find a better value.
  warnings.warn(
/home/gianna/repositories/master_thesis_sfs/venv/lib/python3.10/site-packages/sklearn/gaussian_process/kernels.py:285: RuntimeWarning: divide by zero encountered in log
  return np.log(np.hstack(theta))
/home/gianna/repositories/master_thesis_sfs/venv/lib/python3.10/site-packages/sklearn/gaussian_process/kernels.py:285: RuntimeWarning: divide by zero encountered in log
  return np.log(np.hstack(theta))
/home/gianna/repositories/master_thesis_sfs/venv/lib/python3.10/site-packages/sklearn/gaussian_process/kernels.py:420: ConvergenceWarning: The optimal value found for dimension 0 of parameter k2__k2__sigma_0 is close to the specified lower bound 1e-05. Decreasing the bound and calling fit again may find a better value.
  warnings.warn(
/home/gianna/repositories/master_thesis_sfs/venv/lib/python3.10/site-packages/sklearn/gaussian_process/kernels.py:285: RuntimeWarning: divide by zero encountered in log
  return np.log(np.hstack(theta))
/home/gianna/repositories/master_thesis_sfs/venv/lib/python3.10/site-packages/sklearn/gaussian_process/kernels.py:420: ConvergenceWarning: The optimal value found for dimension 0 of parameter k2__k1__constant_value is close to the specified lower bound 1e-05. Decreasing the bound and calling fit again may find a better value.
  warnings.warn(
/home/gianna/repositories/master_thesis_sfs/venv/lib/python3.10/site-packages/sklearn/gaussian_process/kernels.py:420: ConvergenceWarning: The optimal value found for dimension 0 of parameter k2__k2__sigma_0 is close to the specified lower bound 1e-05. Decreasing the bound and calling fit again may find a better value.
  warnings.warn(
/home/gianna/repositories/master_thesis_sfs/venv/lib/python3.10/site-packages/sklearn/gaussian_process/kernels.py:285: RuntimeWarning: divide by zero encountered in log
  return np.log(np.hstack(theta))
/home/gianna/repositories/master_thesis_sfs/venv/lib/python3.10/site-packages/sklearn/gaussian_process/kernels.py:420: ConvergenceWarning: The optimal value found for dimension 0 of parameter k2__k1__constant_value is close to the specified lower bound 1e-05. Decreasing the bound and calling fit again may find a better value.
  warnings.warn(
/home/gianna/repositories/master_thesis_sfs/venv/lib/python3.10/site-packages/sklearn/gaussian_process/kernels.py:420: ConvergenceWarning: The optimal value found for dimension 0 of parameter k2__k2__sigma_0 is close to the specified lower bound 1e-05. Decreasing the bound and calling fit again may find a better value.
  warnings.warn(
/home/gianna/repositories/master_thesis_sfs/venv/lib/python3.10/site-packages/sklearn/gaussian_process/kernels.py:285: RuntimeWarning: divide by zero encountered in log
  return np.log(np.hstack(theta))
/home/gianna/repositories/master_thesis_sfs/venv/lib/python3.10/site-packages/sklearn/gaussian_process/kernels.py:285: RuntimeWarning: divide by zero encountered in log
  return np.log(np.hstack(theta))
/home/gianna/repositories/master_thesis_sfs/venv/lib/python3.10/site-packages/sklearn/gaussian_process/kernels.py:285: RuntimeWarning: divide by zero encountered in log
  return np.log(np.hstack(theta))
/home/gianna/repositories/master_thesis_sfs/venv/lib/python3.10/site-packages/sklearn/gaussian_process/kernels.py:420: ConvergenceWarning: The optimal value found for dimension 0 of parameter k2__k1__constant_value is close to the specified lower bound 1e-05. Decreasing the bound and calling fit again may find a better value.
  warnings.warn(
/home/gianna/repositories/master_thesis_sfs/venv/lib/python3.10/site-packages/sklearn/gaussian_process/kernels.py:420: ConvergenceWarning: The optimal value found for dimension 0 of parameter k2__k2__sigma_0 is close to the specified lower bound 1e-05. Decreasing the bound and calling fit again may find a better value.
  warnings.warn(
/home/gianna/repositories/master_thesis_sfs/venv/lib/python3.10/site-packages/sklearn/gaussian_process/kernels.py:285: RuntimeWarning: divide by zero encountered in log
  return np.log(np.hstack(theta))
/home/gianna/repositories/master_thesis_sfs/venv/lib/python3.10/site-packages/sklearn/gaussian_process/kernels.py:285: RuntimeWarning: divide by zero encountered in log
  return np.log(np.hstack(theta))
/home/gianna/repositories/master_thesis_sfs/venv/lib/python3.10/site-packages/sklearn/gaussian_process/kernels.py:420: ConvergenceWarning: The optimal value found for dimension 0 of parameter k2__k1__constant_value is close to the specified lower bound 1e-05. Decreasing the bound and calling fit again may find a better value.
  warnings.warn(
/home/gianna/repositories/master_thesis_sfs/venv/lib/python3.10/site-packages/sklearn/gaussian_process/kernels.py:420: ConvergenceWarning: The optimal value found for dimension 0 of parameter k2__k2__sigma_0 is close to the specified lower bound 1e-05. Decreasing the bound and calling fit again may find a better value.
  warnings.warn(
/home/gianna/repositories/master_thesis_sfs/venv/lib/python3.10/site-packages/sklearn/gaussian_process/kernels.py:285: RuntimeWarning: divide by zero encountered in log
  return np.log(np.hstack(theta))
/home/gianna/repositories/master_thesis_sfs/venv/lib/python3.10/site-packages/sklearn/gaussian_process/kernels.py:420: ConvergenceWarning: The optimal value found for dimension 0 of parameter k2__k1__constant_value is close to the specified lower bound 1e-05. Decreasing the bound and calling fit again may find a better value.
  warnings.warn(
/home/gianna/repositories/master_thesis_sfs/venv/lib/python3.10/site-packages/sklearn/gaussian_process/kernels.py:420: ConvergenceWarning: The optimal value found for dimension 0 of parameter k2__k2__sigma_0 is close to the specified lower bound 1e-05. Decreasing the bound and calling fit again may find a better value.
  warnings.warn(
/home/gianna/repositories/master_thesis_sfs/venv/lib/python3.10/site-packages/sklearn/gaussian_process/kernels.py:285: RuntimeWarning: divide by zero encountered in log
  return np.log(np.hstack(theta))
/home/gianna/repositories/master_thesis_sfs/venv/lib/python3.10/site-packages/sklearn/gaussian_process/kernels.py:420: ConvergenceWarning: The optimal value found for dimension 0 of parameter k2__k1__constant_value is close to the specified lower bound 1e-05. Decreasing the bound and calling fit again may find a better value.
  warnings.warn(
/home/gianna/repositories/master_thesis_sfs/venv/lib/python3.10/site-packages/sklearn/gaussian_process/kernels.py:420: ConvergenceWarning: The optimal value found for dimension 0 of parameter k2__k2__sigma_0 is close to the specified lower bound 1e-05. Decreasing the bound and calling fit again may find a better value.
  warnings.warn(
/home/gianna/repositories/master_thesis_sfs/venv/lib/python3.10/site-packages/sklearn/gaussian_process/kernels.py:285: RuntimeWarning: divide by zero encountered in log
  return np.log(np.hstack(theta))
/home/gianna/repositories/master_thesis_sfs/venv/lib/python3.10/site-packages/sklearn/gaussian_process/kernels.py:420: ConvergenceWarning: The optimal value found for dimension 0 of parameter k2__k1__constant_value is close to the specified lower bound 1e-05. Decreasing the bound and calling fit again may find a better value.
  warnings.warn(
/home/gianna/repositories/master_thesis_sfs/venv/lib/python3.10/site-packages/sklearn/gaussian_process/kernels.py:420: ConvergenceWarning: The optimal value found for dimension 0 of parameter k2__k2__sigma_0 is close to the specified lower bound 1e-05. Decreasing the bound and calling fit again may find a better value.
  warnings.warn(
/home/gianna/repositories/master_thesis_sfs/venv/lib/python3.10/site-packages/sklearn/gaussian_process/kernels.py:285: RuntimeWarning: divide by zero encountered in log
  return np.log(np.hstack(theta))
/home/gianna/repositories/master_thesis_sfs/venv/lib/python3.10/site-packages/sklearn/gaussian_process/kernels.py:420: ConvergenceWarning: The optimal value found for dimension 0 of parameter k2__k2__sigma_0 is close to the specified lower bound 1e-05. Decreasing the bound and calling fit again may find a better value.
  warnings.warn(
/home/gianna/repositories/master_thesis_sfs/venv/lib/python3.10/site-packages/sklearn/gaussian_process/kernels.py:285: RuntimeWarning: divide by zero encountered in log
  return np.log(np.hstack(theta))
/home/gianna/repositories/master_thesis_sfs/venv/lib/python3.10/site-packages/sklearn/gaussian_process/kernels.py:420: ConvergenceWarning: The optimal value found for dimension 0 of parameter k2__k1__constant_value is close to the specified lower bound 1e-05. Decreasing the bound and calling fit again may find a better value.
  warnings.warn(
/home/gianna/repositories/master_thesis_sfs/venv/lib/python3.10/site-packages/sklearn/gaussian_process/kernels.py:420: ConvergenceWarning: The optimal value found for dimension 0 of parameter k2__k2__sigma_0 is close to the specified lower bound 1e-05. Decreasing the bound and calling fit again may find a better value.
  warnings.warn(
/home/gianna/repositories/master_thesis_sfs/venv/lib/python3.10/site-packages/sklearn/gaussian_process/kernels.py:285: RuntimeWarning: divide by zero encountered in log
  return np.log(np.hstack(theta))
/home/gianna/repositories/master_thesis_sfs/venv/lib/python3.10/site-packages/sklearn/gaussian_process/kernels.py:420: ConvergenceWarning: The optimal value found for dimension 0 of parameter k2__k2__sigma_0 is close to the specified lower bound 1e-05. Decreasing the bound and calling fit again may find a better value.
  warnings.warn(
/home/gianna/repositories/master_thesis_sfs/venv/lib/python3.10/site-packages/sklearn/gaussian_process/kernels.py:285: RuntimeWarning: divide by zero encountered in log
  return np.log(np.hstack(theta))
/home/gianna/repositories/master_thesis_sfs/venv/lib/python3.10/site-packages/sklearn/gaussian_process/kernels.py:420: ConvergenceWarning: The optimal value found for dimension 0 of parameter k2__k2__sigma_0 is close to the specified lower bound 1e-05. Decreasing the bound and calling fit again may find a better value.
  warnings.warn(
/home/gianna/repositories/master_thesis_sfs/venv/lib/python3.10/site-packages/sklearn/gaussian_process/kernels.py:285: RuntimeWarning: divide by zero encountered in log
  return np.log(np.hstack(theta))
/home/gianna/repositories/master_thesis_sfs/venv/lib/python3.10/site-packages/sklearn/gaussian_process/kernels.py:285: RuntimeWarning: divide by zero encountered in log
  return np.log(np.hstack(theta))
/home/gianna/repositories/master_thesis_sfs/venv/lib/python3.10/site-packages/sklearn/gaussian_process/kernels.py:285: RuntimeWarning: divide by zero encountered in log
  return np.log(np.hstack(theta))
/home/gianna/repositories/master_thesis_sfs/venv/lib/python3.10/site-packages/sklearn/gaussian_process/kernels.py:285: RuntimeWarning: divide by zero encountered in log
  return np.log(np.hstack(theta))
/home/gianna/repositories/master_thesis_sfs/venv/lib/python3.10/site-packages/sklearn/gaussian_process/kernels.py:285: RuntimeWarning: divide by zero encountered in log
  return np.log(np.hstack(theta))
/home/gianna/repositories/master_thesis_sfs/venv/lib/python3.10/site-packages/sklearn/gaussian_process/kernels.py:420: ConvergenceWarning: The optimal value found for dimension 0 of parameter k2__k2__sigma_0 is close to the specified lower bound 1e-05. Decreasing the bound and calling fit again may find a better value.
  warnings.warn(
/home/gianna/repositories/master_thesis_sfs/venv/lib/python3.10/site-packages/sklearn/gaussian_process/kernels.py:285: RuntimeWarning: divide by zero encountered in log
  return np.log(np.hstack(theta))
/home/gianna/repositories/master_thesis_sfs/venv/lib/python3.10/site-packages/sklearn/gaussian_process/kernels.py:285: RuntimeWarning: divide by zero encountered in log
  return np.log(np.hstack(theta))
/home/gianna/repositories/master_thesis_sfs/venv/lib/python3.10/site-packages/sklearn/gaussian_process/kernels.py:420: ConvergenceWarning: The optimal value found for dimension 0 of parameter k2__k1__constant_value is close to the specified lower bound 1e-05. Decreasing the bound and calling fit again may find a better value.
  warnings.warn(
/home/gianna/repositories/master_thesis_sfs/venv/lib/python3.10/site-packages/sklearn/gaussian_process/kernels.py:420: ConvergenceWarning: The optimal value found for dimension 0 of parameter k2__k2__sigma_0 is close to the specified lower bound 1e-05. Decreasing the bound and calling fit again may find a better value.
  warnings.warn(
/home/gianna/repositories/master_thesis_sfs/venv/lib/python3.10/site-packages/sklearn/gaussian_process/kernels.py:285: RuntimeWarning: divide by zero encountered in log
  return np.log(np.hstack(theta))
/home/gianna/repositories/master_thesis_sfs/venv/lib/python3.10/site-packages/sklearn/gaussian_process/kernels.py:285: RuntimeWarning: divide by zero encountered in log
  return np.log(np.hstack(theta))
/home/gianna/repositories/master_thesis_sfs/venv/lib/python3.10/site-packages/sklearn/gaussian_process/kernels.py:420: ConvergenceWarning: The optimal value found for dimension 0 of parameter k2__k1__constant_value is close to the specified lower bound 1e-05. Decreasing the bound and calling fit again may find a better value.
  warnings.warn(
/home/gianna/repositories/master_thesis_sfs/venv/lib/python3.10/site-packages/sklearn/gaussian_process/kernels.py:420: ConvergenceWarning: The optimal value found for dimension 0 of parameter k2__k2__sigma_0 is close to the specified lower bound 1e-05. Decreasing the bound and calling fit again may find a better value.
  warnings.warn(
/home/gianna/repositories/master_thesis_sfs/venv/lib/python3.10/site-packages/sklearn/gaussian_process/kernels.py:285: RuntimeWarning: divide by zero encountered in log
  return np.log(np.hstack(theta))
/home/gianna/repositories/master_thesis_sfs/venv/lib/python3.10/site-packages/sklearn/gaussian_process/kernels.py:420: ConvergenceWarning: The optimal value found for dimension 0 of parameter k2__k2__sigma_0 is close to the specified lower bound 1e-05. Decreasing the bound and calling fit again may find a better value.
  warnings.warn(
/home/gianna/repositories/master_thesis_sfs/venv/lib/python3.10/site-packages/sklearn/gaussian_process/kernels.py:285: RuntimeWarning: divide by zero encountered in log
  return np.log(np.hstack(theta))
/home/gianna/repositories/master_thesis_sfs/venv/lib/python3.10/site-packages/sklearn/gaussian_process/kernels.py:285: RuntimeWarning: divide by zero encountered in log
  return np.log(np.hstack(theta))
/home/gianna/repositories/master_thesis_sfs/venv/lib/python3.10/site-packages/sklearn/gaussian_process/kernels.py:420: ConvergenceWarning: The optimal value found for dimension 0 of parameter k2__k1__constant_value is close to the specified lower bound 1e-05. Decreasing the bound and calling fit again may find a better value.
  warnings.warn(
/home/gianna/repositories/master_thesis_sfs/venv/lib/python3.10/site-packages/sklearn/gaussian_process/kernels.py:420: ConvergenceWarning: The optimal value found for dimension 0 of parameter k2__k2__sigma_0 is close to the specified lower bound 1e-05. Decreasing the bound and calling fit again may find a better value.
  warnings.warn(
/home/gianna/repositories/master_thesis_sfs/venv/lib/python3.10/site-packages/sklearn/gaussian_process/kernels.py:285: RuntimeWarning: divide by zero encountered in log
  return np.log(np.hstack(theta))
/home/gianna/repositories/master_thesis_sfs/venv/lib/python3.10/site-packages/sklearn/gaussian_process/kernels.py:285: RuntimeWarning: divide by zero encountered in log
  return np.log(np.hstack(theta))
/home/gianna/repositories/master_thesis_sfs/venv/lib/python3.10/site-packages/sklearn/gaussian_process/kernels.py:420: ConvergenceWarning: The optimal value found for dimension 0 of parameter k2__k1__constant_value is close to the specified lower bound 1e-05. Decreasing the bound and calling fit again may find a better value.
  warnings.warn(
/home/gianna/repositories/master_thesis_sfs/venv/lib/python3.10/site-packages/sklearn/gaussian_process/kernels.py:420: ConvergenceWarning: The optimal value found for dimension 0 of parameter k2__k2__sigma_0 is close to the specified lower bound 1e-05. Decreasing the bound and calling fit again may find a better value.
  warnings.warn(
/home/gianna/repositories/master_thesis_sfs/venv/lib/python3.10/site-packages/sklearn/gaussian_process/kernels.py:285: RuntimeWarning: divide by zero encountered in log
  return np.log(np.hstack(theta))
/home/gianna/repositories/master_thesis_sfs/venv/lib/python3.10/site-packages/sklearn/gaussian_process/kernels.py:420: ConvergenceWarning: The optimal value found for dimension 0 of parameter k2__k2__sigma_0 is close to the specified lower bound 1e-05. Decreasing the bound and calling fit again may find a better value.
  warnings.warn(
/home/gianna/repositories/master_thesis_sfs/venv/lib/python3.10/site-packages/sklearn/gaussian_process/kernels.py:285: RuntimeWarning: divide by zero encountered in log
  return np.log(np.hstack(theta))
/home/gianna/repositories/master_thesis_sfs/venv/lib/python3.10/site-packages/sklearn/gaussian_process/kernels.py:420: ConvergenceWarning: The optimal value found for dimension 0 of parameter k2__k2__sigma_0 is close to the specified lower bound 1e-05. Decreasing the bound and calling fit again may find a better value.
  warnings.warn(
/home/gianna/repositories/master_thesis_sfs/venv/lib/python3.10/site-packages/sklearn/gaussian_process/kernels.py:285: RuntimeWarning: divide by zero encountered in log
  return np.log(np.hstack(theta))
/home/gianna/repositories/master_thesis_sfs/venv/lib/python3.10/site-packages/sklearn/gaussian_process/kernels.py:285: RuntimeWarning: divide by zero encountered in log
  return np.log(np.hstack(theta))
/home/gianna/repositories/master_thesis_sfs/venv/lib/python3.10/site-packages/sklearn/gaussian_process/kernels.py:420: ConvergenceWarning: The optimal value found for dimension 0 of parameter k2__k2__sigma_0 is close to the specified lower bound 1e-05. Decreasing the bound and calling fit again may find a better value.
  warnings.warn(
/home/gianna/repositories/master_thesis_sfs/venv/lib/python3.10/site-packages/sklearn/gaussian_process/kernels.py:285: RuntimeWarning: divide by zero encountered in log
  return np.log(np.hstack(theta))
/home/gianna/repositories/master_thesis_sfs/venv/lib/python3.10/site-packages/sklearn/gaussian_process/kernels.py:285: RuntimeWarning: divide by zero encountered in log
  return np.log(np.hstack(theta))
/home/gianna/repositories/master_thesis_sfs/venv/lib/python3.10/site-packages/sklearn/gaussian_process/kernels.py:420: ConvergenceWarning: The optimal value found for dimension 0 of parameter k2__k1__constant_value is close to the specified lower bound 1e-05. Decreasing the bound and calling fit again may find a better value.
  warnings.warn(
/home/gianna/repositories/master_thesis_sfs/venv/lib/python3.10/site-packages/sklearn/gaussian_process/kernels.py:420: ConvergenceWarning: The optimal value found for dimension 0 of parameter k2__k2__sigma_0 is close to the specified lower bound 1e-05. Decreasing the bound and calling fit again may find a better value.
  warnings.warn(
/home/gianna/repositories/master_thesis_sfs/venv/lib/python3.10/site-packages/sklearn/gaussian_process/kernels.py:285: RuntimeWarning: divide by zero encountered in log
  return np.log(np.hstack(theta))
/home/gianna/repositories/master_thesis_sfs/venv/lib/python3.10/site-packages/sklearn/gaussian_process/kernels.py:420: ConvergenceWarning: The optimal value found for dimension 0 of parameter k2__k2__sigma_0 is close to the specified lower bound 1e-05. Decreasing the bound and calling fit again may find a better value.
  warnings.warn(
/home/gianna/repositories/master_thesis_sfs/venv/lib/python3.10/site-packages/sklearn/gaussian_process/kernels.py:285: RuntimeWarning: divide by zero encountered in log
  return np.log(np.hstack(theta))
/home/gianna/repositories/master_thesis_sfs/venv/lib/python3.10/site-packages/sklearn/gaussian_process/kernels.py:420: ConvergenceWarning: The optimal value found for dimension 0 of parameter k2__k2__sigma_0 is close to the specified lower bound 1e-05. Decreasing the bound and calling fit again may find a better value.
  warnings.warn(
/home/gianna/repositories/master_thesis_sfs/venv/lib/python3.10/site-packages/sklearn/gaussian_process/kernels.py:285: RuntimeWarning: divide by zero encountered in log
  return np.log(np.hstack(theta))
/home/gianna/repositories/master_thesis_sfs/venv/lib/python3.10/site-packages/sklearn/gaussian_process/kernels.py:420: ConvergenceWarning: The optimal value found for dimension 0 of parameter k2__k2__sigma_0 is close to the specified lower bound 1e-05. Decreasing the bound and calling fit again may find a better value.
  warnings.warn(
/home/gianna/repositories/master_thesis_sfs/venv/lib/python3.10/site-packages/sklearn/gaussian_process/kernels.py:285: RuntimeWarning: divide by zero encountered in log
  return np.log(np.hstack(theta))
/home/gianna/repositories/master_thesis_sfs/venv/lib/python3.10/site-packages/sklearn/gaussian_process/kernels.py:420: ConvergenceWarning: The optimal value found for dimension 0 of parameter k2__k2__sigma_0 is close to the specified lower bound 1e-05. Decreasing the bound and calling fit again may find a better value.
  warnings.warn(
/home/gianna/repositories/master_thesis_sfs/venv/lib/python3.10/site-packages/sklearn/gaussian_process/kernels.py:285: RuntimeWarning: divide by zero encountered in log
  return np.log(np.hstack(theta))
/home/gianna/repositories/master_thesis_sfs/venv/lib/python3.10/site-packages/sklearn/gaussian_process/kernels.py:285: RuntimeWarning: divide by zero encountered in log
  return np.log(np.hstack(theta))
/home/gianna/repositories/master_thesis_sfs/venv/lib/python3.10/site-packages/sklearn/gaussian_process/kernels.py:420: ConvergenceWarning: The optimal value found for dimension 0 of parameter k2__k1__constant_value is close to the specified lower bound 1e-05. Decreasing the bound and calling fit again may find a better value.
  warnings.warn(
/home/gianna/repositories/master_thesis_sfs/venv/lib/python3.10/site-packages/sklearn/gaussian_process/kernels.py:420: ConvergenceWarning: The optimal value found for dimension 0 of parameter k2__k2__sigma_0 is close to the specified lower bound 1e-05. Decreasing the bound and calling fit again may find a better value.
  warnings.warn(
/home/gianna/repositories/master_thesis_sfs/venv/lib/python3.10/site-packages/sklearn/gaussian_process/kernels.py:285: RuntimeWarning: divide by zero encountered in log
  return np.log(np.hstack(theta))
/home/gianna/repositories/master_thesis_sfs/venv/lib/python3.10/site-packages/sklearn/gaussian_process/kernels.py:285: RuntimeWarning: divide by zero encountered in log
  return np.log(np.hstack(theta))
/home/gianna/repositories/master_thesis_sfs/venv/lib/python3.10/site-packages/sklearn/gaussian_process/kernels.py:420: ConvergenceWarning: The optimal value found for dimension 0 of parameter k2__k2__sigma_0 is close to the specified lower bound 1e-05. Decreasing the bound and calling fit again may find a better value.
  warnings.warn(
/home/gianna/repositories/master_thesis_sfs/venv/lib/python3.10/site-packages/sklearn/gaussian_process/kernels.py:285: RuntimeWarning: divide by zero encountered in log
  return np.log(np.hstack(theta))
/home/gianna/repositories/master_thesis_sfs/venv/lib/python3.10/site-packages/sklearn/gaussian_process/kernels.py:285: RuntimeWarning: divide by zero encountered in log
  return np.log(np.hstack(theta))
/home/gianna/repositories/master_thesis_sfs/venv/lib/python3.10/site-packages/sklearn/gaussian_process/kernels.py:285: RuntimeWarning: divide by zero encountered in log
  return np.log(np.hstack(theta))
/home/gianna/repositories/master_thesis_sfs/venv/lib/python3.10/site-packages/sklearn/gaussian_process/kernels.py:285: RuntimeWarning: divide by zero encountered in log
  return np.log(np.hstack(theta))
/home/gianna/repositories/master_thesis_sfs/venv/lib/python3.10/site-packages/sklearn/gaussian_process/kernels.py:420: ConvergenceWarning: The optimal value found for dimension 0 of parameter k2__k2__sigma_0 is close to the specified lower bound 1e-05. Decreasing the bound and calling fit again may find a better value.
  warnings.warn(
/home/gianna/repositories/master_thesis_sfs/venv/lib/python3.10/site-packages/sklearn/gaussian_process/kernels.py:285: RuntimeWarning: divide by zero encountered in log
  return np.log(np.hstack(theta))
/home/gianna/repositories/master_thesis_sfs/venv/lib/python3.10/site-packages/sklearn/gaussian_process/kernels.py:420: ConvergenceWarning: The optimal value found for dimension 0 of parameter k2__k2__sigma_0 is close to the specified lower bound 1e-05. Decreasing the bound and calling fit again may find a better value.
  warnings.warn(
/home/gianna/repositories/master_thesis_sfs/venv/lib/python3.10/site-packages/sklearn/gaussian_process/kernels.py:285: RuntimeWarning: divide by zero encountered in log
  return np.log(np.hstack(theta))
/home/gianna/repositories/master_thesis_sfs/venv/lib/python3.10/site-packages/sklearn/gaussian_process/kernels.py:285: RuntimeWarning: divide by zero encountered in log
  return np.log(np.hstack(theta))
/home/gianna/repositories/master_thesis_sfs/venv/lib/python3.10/site-packages/sklearn/gaussian_process/kernels.py:420: ConvergenceWarning: The optimal value found for dimension 0 of parameter k2__k2__sigma_0 is close to the specified lower bound 1e-05. Decreasing the bound and calling fit again may find a better value.
  warnings.warn(
/home/gianna/repositories/master_thesis_sfs/venv/lib/python3.10/site-packages/sklearn/gaussian_process/kernels.py:285: RuntimeWarning: divide by zero encountered in log
  return np.log(np.hstack(theta))
/home/gianna/repositories/master_thesis_sfs/venv/lib/python3.10/site-packages/sklearn/gaussian_process/kernels.py:285: RuntimeWarning: divide by zero encountered in log
  return np.log(np.hstack(theta))
/home/gianna/repositories/master_thesis_sfs/venv/lib/python3.10/site-packages/sklearn/gaussian_process/kernels.py:285: RuntimeWarning: divide by zero encountered in log
  return np.log(np.hstack(theta))
/home/gianna/repositories/master_thesis_sfs/venv/lib/python3.10/site-packages/sklearn/gaussian_process/kernels.py:285: RuntimeWarning: divide by zero encountered in log
  return np.log(np.hstack(theta))
/home/gianna/repositories/master_thesis_sfs/venv/lib/python3.10/site-packages/sklearn/gaussian_process/kernels.py:285: RuntimeWarning: divide by zero encountered in log
  return np.log(np.hstack(theta))
/home/gianna/repositories/master_thesis_sfs/venv/lib/python3.10/site-packages/sklearn/gaussian_process/kernels.py:285: RuntimeWarning: divide by zero encountered in log
  return np.log(np.hstack(theta))
/home/gianna/repositories/master_thesis_sfs/venv/lib/python3.10/site-packages/sklearn/gaussian_process/kernels.py:285: RuntimeWarning: divide by zero encountered in log
  return np.log(np.hstack(theta))
/home/gianna/repositories/master_thesis_sfs/venv/lib/python3.10/site-packages/sklearn/gaussian_process/kernels.py:285: RuntimeWarning: divide by zero encountered in log
  return np.log(np.hstack(theta))
/home/gianna/repositories/master_thesis_sfs/venv/lib/python3.10/site-packages/sklearn/gaussian_process/kernels.py:420: ConvergenceWarning: The optimal value found for dimension 0 of parameter k2__k2__sigma_0 is close to the specified lower bound 1e-05. Decreasing the bound and calling fit again may find a better value.
  warnings.warn(
/home/gianna/repositories/master_thesis_sfs/venv/lib/python3.10/site-packages/sklearn/gaussian_process/kernels.py:285: RuntimeWarning: divide by zero encountered in log
  return np.log(np.hstack(theta))
/home/gianna/repositories/master_thesis_sfs/venv/lib/python3.10/site-packages/sklearn/gaussian_process/kernels.py:285: RuntimeWarning: divide by zero encountered in log
  return np.log(np.hstack(theta))
/home/gianna/repositories/master_thesis_sfs/venv/lib/python3.10/site-packages/sklearn/gaussian_process/kernels.py:420: ConvergenceWarning: The optimal value found for dimension 0 of parameter k2__k2__sigma_0 is close to the specified lower bound 1e-05. Decreasing the bound and calling fit again may find a better value.
  warnings.warn(
/home/gianna/repositories/master_thesis_sfs/venv/lib/python3.10/site-packages/sklearn/gaussian_process/kernels.py:285: RuntimeWarning: divide by zero encountered in log
  return np.log(np.hstack(theta))
/home/gianna/repositories/master_thesis_sfs/venv/lib/python3.10/site-packages/sklearn/gaussian_process/kernels.py:285: RuntimeWarning: divide by zero encountered in log
  return np.log(np.hstack(theta))
/home/gianna/repositories/master_thesis_sfs/venv/lib/python3.10/site-packages/sklearn/gaussian_process/kernels.py:420: ConvergenceWarning: The optimal value found for dimension 0 of parameter k2__k1__constant_value is close to the specified lower bound 1e-05. Decreasing the bound and calling fit again may find a better value.
  warnings.warn(
/home/gianna/repositories/master_thesis_sfs/venv/lib/python3.10/site-packages/sklearn/gaussian_process/kernels.py:420: ConvergenceWarning: The optimal value found for dimension 0 of parameter k2__k2__sigma_0 is close to the specified lower bound 1e-05. Decreasing the bound and calling fit again may find a better value.
  warnings.warn(
/home/gianna/repositories/master_thesis_sfs/venv/lib/python3.10/site-packages/sklearn/gaussian_process/kernels.py:285: RuntimeWarning: divide by zero encountered in log
  return np.log(np.hstack(theta))
/home/gianna/repositories/master_thesis_sfs/venv/lib/python3.10/site-packages/sklearn/gaussian_process/kernels.py:420: ConvergenceWarning: The optimal value found for dimension 0 of parameter k2__k2__sigma_0 is close to the specified lower bound 1e-05. Decreasing the bound and calling fit again may find a better value.
  warnings.warn(
/home/gianna/repositories/master_thesis_sfs/venv/lib/python3.10/site-packages/sklearn/gaussian_process/kernels.py:285: RuntimeWarning: divide by zero encountered in log
  return np.log(np.hstack(theta))
/home/gianna/repositories/master_thesis_sfs/venv/lib/python3.10/site-packages/sklearn/gaussian_process/kernels.py:420: ConvergenceWarning: The optimal value found for dimension 0 of parameter k2__k1__constant_value is close to the specified lower bound 1e-05. Decreasing the bound and calling fit again may find a better value.
  warnings.warn(
/home/gianna/repositories/master_thesis_sfs/venv/lib/python3.10/site-packages/sklearn/gaussian_process/kernels.py:420: ConvergenceWarning: The optimal value found for dimension 0 of parameter k2__k2__sigma_0 is close to the specified lower bound 1e-05. Decreasing the bound and calling fit again may find a better value.
  warnings.warn(
/home/gianna/repositories/master_thesis_sfs/venv/lib/python3.10/site-packages/sklearn/gaussian_process/kernels.py:285: RuntimeWarning: divide by zero encountered in log
  return np.log(np.hstack(theta))
/home/gianna/repositories/master_thesis_sfs/venv/lib/python3.10/site-packages/sklearn/gaussian_process/kernels.py:420: ConvergenceWarning: The optimal value found for dimension 0 of parameter k2__k2__sigma_0 is close to the specified lower bound 1e-05. Decreasing the bound and calling fit again may find a better value.
  warnings.warn(
/home/gianna/repositories/master_thesis_sfs/venv/lib/python3.10/site-packages/sklearn/gaussian_process/kernels.py:285: RuntimeWarning: divide by zero encountered in log
  return np.log(np.hstack(theta))
/home/gianna/repositories/master_thesis_sfs/venv/lib/python3.10/site-packages/sklearn/gaussian_process/kernels.py:420: ConvergenceWarning: The optimal value found for dimension 0 of parameter k2__k1__constant_value is close to the specified lower bound 1e-05. Decreasing the bound and calling fit again may find a better value.
  warnings.warn(
/home/gianna/repositories/master_thesis_sfs/venv/lib/python3.10/site-packages/sklearn/gaussian_process/kernels.py:420: ConvergenceWarning: The optimal value found for dimension 0 of parameter k2__k2__sigma_0 is close to the specified lower bound 1e-05. Decreasing the bound and calling fit again may find a better value.
  warnings.warn(
/home/gianna/repositories/master_thesis_sfs/venv/lib/python3.10/site-packages/sklearn/gaussian_process/kernels.py:285: RuntimeWarning: divide by zero encountered in log
  return np.log(np.hstack(theta))
/home/gianna/repositories/master_thesis_sfs/venv/lib/python3.10/site-packages/sklearn/gaussian_process/kernels.py:420: ConvergenceWarning: The optimal value found for dimension 0 of parameter k2__k1__constant_value is close to the specified lower bound 1e-05. Decreasing the bound and calling fit again may find a better value.
  warnings.warn(
/home/gianna/repositories/master_thesis_sfs/venv/lib/python3.10/site-packages/sklearn/gaussian_process/kernels.py:285: RuntimeWarning: divide by zero encountered in log
  return np.log(np.hstack(theta))
/home/gianna/repositories/master_thesis_sfs/venv/lib/python3.10/site-packages/sklearn/gaussian_process/kernels.py:285: RuntimeWarning: divide by zero encountered in log
  return np.log(np.hstack(theta))
/home/gianna/repositories/master_thesis_sfs/venv/lib/python3.10/site-packages/sklearn/gaussian_process/kernels.py:420: ConvergenceWarning: The optimal value found for dimension 0 of parameter k2__k1__constant_value is close to the specified lower bound 1e-05. Decreasing the bound and calling fit again may find a better value.
  warnings.warn(
/home/gianna/repositories/master_thesis_sfs/venv/lib/python3.10/site-packages/sklearn/gaussian_process/kernels.py:420: ConvergenceWarning: The optimal value found for dimension 0 of parameter k2__k2__sigma_0 is close to the specified lower bound 1e-05. Decreasing the bound and calling fit again may find a better value.
  warnings.warn(
/home/gianna/repositories/master_thesis_sfs/venv/lib/python3.10/site-packages/sklearn/gaussian_process/kernels.py:285: RuntimeWarning: divide by zero encountered in log
  return np.log(np.hstack(theta))
/home/gianna/repositories/master_thesis_sfs/venv/lib/python3.10/site-packages/sklearn/gaussian_process/kernels.py:420: ConvergenceWarning: The optimal value found for dimension 0 of parameter k2__k2__sigma_0 is close to the specified lower bound 1e-05. Decreasing the bound and calling fit again may find a better value.
  warnings.warn(
/home/gianna/repositories/master_thesis_sfs/venv/lib/python3.10/site-packages/sklearn/gaussian_process/kernels.py:285: RuntimeWarning: divide by zero encountered in log
  return np.log(np.hstack(theta))
/home/gianna/repositories/master_thesis_sfs/venv/lib/python3.10/site-packages/sklearn/gaussian_process/kernels.py:420: ConvergenceWarning: The optimal value found for dimension 0 of parameter k2__k2__sigma_0 is close to the specified lower bound 1e-05. Decreasing the bound and calling fit again may find a better value.
  warnings.warn(
/home/gianna/repositories/master_thesis_sfs/venv/lib/python3.10/site-packages/sklearn/gaussian_process/kernels.py:285: RuntimeWarning: divide by zero encountered in log
  return np.log(np.hstack(theta))
/home/gianna/repositories/master_thesis_sfs/venv/lib/python3.10/site-packages/sklearn/gaussian_process/kernels.py:420: ConvergenceWarning: The optimal value found for dimension 0 of parameter k2__k2__sigma_0 is close to the specified lower bound 1e-05. Decreasing the bound and calling fit again may find a better value.
  warnings.warn(
/home/gianna/repositories/master_thesis_sfs/venv/lib/python3.10/site-packages/sklearn/gaussian_process/kernels.py:285: RuntimeWarning: divide by zero encountered in log
  return np.log(np.hstack(theta))
/home/gianna/repositories/master_thesis_sfs/venv/lib/python3.10/site-packages/sklearn/gaussian_process/kernels.py:420: ConvergenceWarning: The optimal value found for dimension 0 of parameter k2__k1__constant_value is close to the specified lower bound 1e-05. Decreasing the bound and calling fit again may find a better value.
  warnings.warn(
/home/gianna/repositories/master_thesis_sfs/venv/lib/python3.10/site-packages/sklearn/gaussian_process/kernels.py:420: ConvergenceWarning: The optimal value found for dimension 0 of parameter k2__k2__sigma_0 is close to the specified lower bound 1e-05. Decreasing the bound and calling fit again may find a better value.
  warnings.warn(
/home/gianna/repositories/master_thesis_sfs/venv/lib/python3.10/site-packages/sklearn/gaussian_process/kernels.py:285: RuntimeWarning: divide by zero encountered in log
  return np.log(np.hstack(theta))
/home/gianna/repositories/master_thesis_sfs/venv/lib/python3.10/site-packages/sklearn/gaussian_process/kernels.py:285: RuntimeWarning: divide by zero encountered in log
  return np.log(np.hstack(theta))
/home/gianna/repositories/master_thesis_sfs/venv/lib/python3.10/site-packages/sklearn/gaussian_process/kernels.py:285: RuntimeWarning: divide by zero encountered in log
  return np.log(np.hstack(theta))
/home/gianna/repositories/master_thesis_sfs/venv/lib/python3.10/site-packages/sklearn/gaussian_process/kernels.py:420: ConvergenceWarning: The optimal value found for dimension 0 of parameter k2__k1__constant_value is close to the specified lower bound 1e-05. Decreasing the bound and calling fit again may find a better value.
  warnings.warn(
/home/gianna/repositories/master_thesis_sfs/venv/lib/python3.10/site-packages/sklearn/gaussian_process/kernels.py:420: ConvergenceWarning: The optimal value found for dimension 0 of parameter k2__k2__sigma_0 is close to the specified lower bound 1e-05. Decreasing the bound and calling fit again may find a better value.
  warnings.warn(
/home/gianna/repositories/master_thesis_sfs/venv/lib/python3.10/site-packages/sklearn/gaussian_process/kernels.py:285: RuntimeWarning: divide by zero encountered in log
  return np.log(np.hstack(theta))
/home/gianna/repositories/master_thesis_sfs/venv/lib/python3.10/site-packages/sklearn/gaussian_process/kernels.py:285: RuntimeWarning: divide by zero encountered in log
  return np.log(np.hstack(theta))
/home/gianna/repositories/master_thesis_sfs/venv/lib/python3.10/site-packages/sklearn/gaussian_process/kernels.py:285: RuntimeWarning: divide by zero encountered in log
  return np.log(np.hstack(theta))
/home/gianna/repositories/master_thesis_sfs/venv/lib/python3.10/site-packages/sklearn/gaussian_process/kernels.py:285: RuntimeWarning: divide by zero encountered in log
  return np.log(np.hstack(theta))
/home/gianna/repositories/master_thesis_sfs/venv/lib/python3.10/site-packages/sklearn/gaussian_process/kernels.py:285: RuntimeWarning: divide by zero encountered in log
  return np.log(np.hstack(theta))
/home/gianna/repositories/master_thesis_sfs/venv/lib/python3.10/site-packages/sklearn/gaussian_process/kernels.py:285: RuntimeWarning: divide by zero encountered in log
  return np.log(np.hstack(theta))
/home/gianna/repositories/master_thesis_sfs/venv/lib/python3.10/site-packages/sklearn/gaussian_process/kernels.py:420: ConvergenceWarning: The optimal value found for dimension 0 of parameter k2__k1__constant_value is close to the specified lower bound 1e-05. Decreasing the bound and calling fit again may find a better value.
  warnings.warn(
/home/gianna/repositories/master_thesis_sfs/venv/lib/python3.10/site-packages/sklearn/gaussian_process/kernels.py:420: ConvergenceWarning: The optimal value found for dimension 0 of parameter k2__k2__sigma_0 is close to the specified lower bound 1e-05. Decreasing the bound and calling fit again may find a better value.
  warnings.warn(
/home/gianna/repositories/master_thesis_sfs/venv/lib/python3.10/site-packages/sklearn/gaussian_process/kernels.py:285: RuntimeWarning: divide by zero encountered in log
  return np.log(np.hstack(theta))
/home/gianna/repositories/master_thesis_sfs/venv/lib/python3.10/site-packages/sklearn/gaussian_process/kernels.py:285: RuntimeWarning: divide by zero encountered in log
  return np.log(np.hstack(theta))
/home/gianna/repositories/master_thesis_sfs/venv/lib/python3.10/site-packages/sklearn/gaussian_process/kernels.py:285: RuntimeWarning: divide by zero encountered in log
  return np.log(np.hstack(theta))
/home/gianna/repositories/master_thesis_sfs/venv/lib/python3.10/site-packages/sklearn/gaussian_process/kernels.py:420: ConvergenceWarning: The optimal value found for dimension 0 of parameter k2__k1__constant_value is close to the specified lower bound 1e-05. Decreasing the bound and calling fit again may find a better value.
  warnings.warn(
/home/gianna/repositories/master_thesis_sfs/venv/lib/python3.10/site-packages/sklearn/gaussian_process/kernels.py:420: ConvergenceWarning: The optimal value found for dimension 0 of parameter k2__k2__sigma_0 is close to the specified lower bound 1e-05. Decreasing the bound and calling fit again may find a better value.
  warnings.warn(
/home/gianna/repositories/master_thesis_sfs/venv/lib/python3.10/site-packages/sklearn/gaussian_process/kernels.py:285: RuntimeWarning: divide by zero encountered in log
  return np.log(np.hstack(theta))
/home/gianna/repositories/master_thesis_sfs/venv/lib/python3.10/site-packages/sklearn/gaussian_process/kernels.py:285: RuntimeWarning: divide by zero encountered in log
  return np.log(np.hstack(theta))
/home/gianna/repositories/master_thesis_sfs/venv/lib/python3.10/site-packages/sklearn/gaussian_process/kernels.py:420: ConvergenceWarning: The optimal value found for dimension 0 of parameter k2__k1__constant_value is close to the specified lower bound 1e-05. Decreasing the bound and calling fit again may find a better value.
  warnings.warn(
/home/gianna/repositories/master_thesis_sfs/venv/lib/python3.10/site-packages/sklearn/gaussian_process/kernels.py:420: ConvergenceWarning: The optimal value found for dimension 0 of parameter k2__k2__sigma_0 is close to the specified lower bound 1e-05. Decreasing the bound and calling fit again may find a better value.
  warnings.warn(
2023-05-23 20:01:42 INFO [__main__] simulate_gp.py:154:test_ci(): ci_coverage=0.98 with data_fraction=0.3 and mean_ci_width=0.07506665861569103

Process finished with exit code 0
